Added Component: Designator=U1(ssd1315)
Added Component: Designator=U2(P1)
Added Component: Designator=U3(ESP8266)
Added Component: Designator=U4(DS18B20)
Added Component: Designator=U5(ZhuoDu)
Added Pin To Net: NetName=NetU1_0 Pin=U1-0
Added Pin To Net: NetName=NetU1_1 Pin=U1-1
Added Pin To Net: NetName=NetU1_2 Pin=U1-2
Added Pin To Net: NetName=NetU1_3 Pin=U1-3
Added Pin To Net: NetName=NetU1_1 Pin=U2-0
Added Pin To Net: NetName=NetU2_1 Pin=U2-1
Added Pin To Net: NetName=NetU1_0 Pin=U2-2
Added Pin To Net: NetName=NetU1_2 Pin=U2-3
Added Pin To Net: NetName=NetU1_3 Pin=U2-4
Added Pin To Net: NetName=NetU2_5 Pin=U2-5
Added Pin To Net: NetName=NetU2_6 Pin=U2-6
Added Pin To Net: NetName=NetU2_7 Pin=U2-7
Added Pin To Net: NetName=NetU2_8 Pin=U2-8
Added Pin To Net: NetName=NetU2_1 Pin=U3-0
Added Pin To Net: NetName=NetU2_6 Pin=U3-1
Added Pin To Net: NetName=NetU2_5 Pin=U3-6
Added Pin To Net: NetName=NetU1_0 Pin=U3-7
Added Pin To Net: NetName=NetU1_0 Pin=U4-0
Added Pin To Net: NetName=NetU1_1 Pin=U4-1
Added Pin To Net: NetName=NetU2_7 Pin=U4-2
Added Pin To Net: NetName=NetU1_1 Pin=U5-0
Added Pin To Net: NetName=NetU2_8 Pin=U5-1
Added Pin To Net: NetName=NetU1_0 Pin=U5-3
Added Member To Class: ClassName=Sheet1 Member=Component U1 SSD1315
Added Member To Class: ClassName=Sheet1 Member=Component U2 P1
Added Member To Class: ClassName=Sheet1 Member=Component U3 ESP8266
Added Member To Class: ClassName=Sheet1 Member=Component U4 DS18B20
Added Member To Class: ClassName=Sheet1 Member=Component U5 ZhuoDu
Added Room: Name=Sheet1
