Added Component: Designator=3.3(PAI_1)
Added Component: Designator=5.5(PAI_1)
Added Component: Designator=GND(PAI_1)
Added Component: Designator=P1(PAI_ZHEN)
Added Component: Designator=P2(PAI_ZHEN)
Added Component: Designator=P3(PAI_ZHEN)
Added Component: Designator=PA1(PAI_1)
Added Component: Designator=PA5(PAI_1)
Added Component: Designator=PG9(PAI_1)
Added Component: Designator=RX(PAI_1)
Added Component: Designator=SCL(PAI_1)
Added Component: Designator=SDA(PAI_1)
Added Component: Designator=TX(PAI_1)
Added Component: Designator=U1(DS18B20)
Added Component: Designator=U2(ssd1315)
Added Component: Designator=U3(DS18B20)
Added Component: Designator=U4(ZhuoDu)
Added Component: Designator=U5(ESP8266)
Added Pin To Net: NetName=3.3 Pin=3.3-0
Added Pin To Net: NetName=5.5 Pin=5.5-0
Added Pin To Net: NetName=GND Pin=GND-0
Added Pin To Net: NetName=5.5 Pin=P1-0
Added Pin To Net: NetName=5.5 Pin=P1-0
Added Pin To Net: NetName=5.5 Pin=P1-0
Added Pin To Net: NetName=5.5 Pin=P1-0
Added Pin To Net: NetName=5.5 Pin=P1-0
Added Pin To Net: NetName=5.5 Pin=P1-0
Added Pin To Net: NetName=5.5 Pin=P1-0
Added Pin To Net: NetName=5.5 Pin=P1-0
Added Pin To Net: NetName=5.5 Pin=P1-0
Added Pin To Net: NetName=5.5 Pin=P1-0
Added Pin To Net: NetName=3.3 Pin=P2-0
Added Pin To Net: NetName=3.3 Pin=P2-0
Added Pin To Net: NetName=3.3 Pin=P2-0
Added Pin To Net: NetName=3.3 Pin=P2-0
Added Pin To Net: NetName=3.3 Pin=P2-0
Added Pin To Net: NetName=3.3 Pin=P2-0
Added Pin To Net: NetName=3.3 Pin=P2-0
Added Pin To Net: NetName=3.3 Pin=P2-0
Added Pin To Net: NetName=3.3 Pin=P2-0
Added Pin To Net: NetName=3.3 Pin=P2-0
Added Pin To Net: NetName=GND Pin=P3-0
Added Pin To Net: NetName=GND Pin=P3-0
Added Pin To Net: NetName=GND Pin=P3-0
Added Pin To Net: NetName=GND Pin=P3-0
Added Pin To Net: NetName=GND Pin=P3-0
Added Pin To Net: NetName=GND Pin=P3-0
Added Pin To Net: NetName=GND Pin=P3-0
Added Pin To Net: NetName=GND Pin=P3-0
Added Pin To Net: NetName=GND Pin=P3-0
Added Pin To Net: NetName=GND Pin=P3-0
Added Pin To Net: NetName=PG9 Pin=PG9-0
Added Pin To Net: NetName=RX Pin=RX-0
Added Pin To Net: NetName=SCL Pin=SCL-0
Added Pin To Net: NetName=SDA Pin=SDA-0
Added Pin To Net: NetName=TX Pin=TX-0
Added Pin To Net: NetName=GND Pin=U1-GND
Added Pin To Net: NetName=5.5 Pin=U1-VCC
Added Pin To Net: NetName=GND Pin=U2-GND
Added Pin To Net: NetName=SCL Pin=U2-SCL
Added Pin To Net: NetName=SDA Pin=U2-SDA
Added Pin To Net: NetName=5.5 Pin=U2-VCC
Added Pin To Net: NetName=PG9 Pin=U3-DAT
Added Pin To Net: NetName=GND Pin=U3-GND
Added Pin To Net: NetName=5.5 Pin=U3-VCC
Added Pin To Net: NetName=GND Pin=U4-GND
Added Pin To Net: NetName=5.5 Pin=U4-VCC
Added Pin To Net: NetName=3.3 Pin=U5-3.3
Added Pin To Net: NetName=GND Pin=U5-GND
Added Pin To Net: NetName=TX Pin=U5-RX
Added Pin To Net: NetName=RX Pin=U5-TX
Added Pin To Net: NetName=ADC1 Pin=PA1-0
Added Pin To Net: NetName=ADC1 Pin=U4-AO
Added Net: Name=ADC1
Added Pin To Net: NetName=ADC2 Pin=PA5-0
Added Pin To Net: NetName=ADC2 Pin=U1-DAT
Added Net: Name=ADC2
Added Member To Class: ClassName=Sheet1 Member=Component 3.3 P1
Added Member To Class: ClassName=Sheet1 Member=Component 5.5 P1
Added Member To Class: ClassName=Sheet1 Member=Component GND P1
Added Member To Class: ClassName=Sheet1 Member=Component P1 Pai_Zhen
Added Member To Class: ClassName=Sheet1 Member=Component P2 Pai_Zhen
Added Member To Class: ClassName=Sheet1 Member=Component P3 Pai_Zhen
Added Member To Class: ClassName=Sheet1 Member=Component PA1 P1
Added Member To Class: ClassName=Sheet1 Member=Component PA5 P1
Added Member To Class: ClassName=Sheet1 Member=Component PG9 P1
Added Member To Class: ClassName=Sheet1 Member=Component RX P1
Added Member To Class: ClassName=Sheet1 Member=Component SCL P1
Added Member To Class: ClassName=Sheet1 Member=Component SDA P1
Added Member To Class: ClassName=Sheet1 Member=Component TX P1
Added Member To Class: ClassName=Sheet1 Member=Component U1 Weal
Added Member To Class: ClassName=Sheet1 Member=Component U2 SSD1315
Added Member To Class: ClassName=Sheet1 Member=Component U3 DS18B20
Added Member To Class: ClassName=Sheet1 Member=Component U4 ZhuoDu
Added Member To Class: ClassName=Sheet1 Member=Component U5 ESP8266
Added Room: Name=Sheet1
